f:\黑猫系列课程\cat课件\cat_coding\c++项目开发\c++和mfc进阶，动态库注入游戏辅助\21-皇家守卫军\armordll\armordll\release\armordll.pch
f:\黑猫系列课程\cat课件\cat_coding\c++项目开发\c++和mfc进阶，动态库注入游戏辅助\21-皇家守卫军\armordll\armordll\release\vc143.pdb
f:\黑猫系列课程\cat课件\cat_coding\c++项目开发\c++和mfc进阶，动态库注入游戏辅助\21-皇家守卫军\armordll\armordll\release\pch.obj
f:\黑猫系列课程\cat课件\cat_coding\c++项目开发\c++和mfc进阶，动态库注入游戏辅助\21-皇家守卫军\armordll\armordll\release\cmydialog.obj
f:\黑猫系列课程\cat课件\cat_coding\c++项目开发\c++和mfc进阶，动态库注入游戏辅助\21-皇家守卫军\armordll\armordll\release\armordll.obj
f:\黑猫系列课程\cat课件\cat_coding\c++项目开发\c++和mfc进阶，动态库注入游戏辅助\21-皇家守卫军\armordll\release\armordll.dll
f:\黑猫系列课程\cat课件\cat_coding\c++项目开发\c++和mfc进阶，动态库注入游戏辅助\21-皇家守卫军\armordll\armordll\release\armordll.ipdb
f:\黑猫系列课程\cat课件\cat_coding\c++项目开发\c++和mfc进阶，动态库注入游戏辅助\21-皇家守卫军\armordll\armordll\release\armordll.iobj
f:\黑猫系列课程\cat课件\cat_coding\c++项目开发\c++和mfc进阶，动态库注入游戏辅助\21-皇家守卫军\armordll\release\armordll.pdb
f:\黑猫系列课程\cat课件\cat_coding\c++项目开发\c++和mfc进阶，动态库注入游戏辅助\21-皇家守卫军\armordll\release\armordll.lib
f:\黑猫系列课程\cat课件\cat_coding\c++项目开发\c++和mfc进阶，动态库注入游戏辅助\21-皇家守卫军\armordll\release\armordll.exp
f:\黑猫系列课程\cat课件\cat_coding\c++项目开发\c++和mfc进阶，动态库注入游戏辅助\21-皇家守卫军\armordll\armordll\release\armordll.res
f:\黑猫系列课程\cat课件\cat_coding\c++项目开发\c++和mfc进阶，动态库注入游戏辅助\21-皇家守卫军\armordll\armordll\release\armordll.tlog\cl.command.1.tlog
f:\黑猫系列课程\cat课件\cat_coding\c++项目开发\c++和mfc进阶，动态库注入游戏辅助\21-皇家守卫军\armordll\armordll\release\armordll.tlog\cl.read.1.tlog
f:\黑猫系列课程\cat课件\cat_coding\c++项目开发\c++和mfc进阶，动态库注入游戏辅助\21-皇家守卫军\armordll\armordll\release\armordll.tlog\cl.write.1.tlog
f:\黑猫系列课程\cat课件\cat_coding\c++项目开发\c++和mfc进阶，动态库注入游戏辅助\21-皇家守卫军\armordll\armordll\release\armordll.tlog\link.command.1.tlog
f:\黑猫系列课程\cat课件\cat_coding\c++项目开发\c++和mfc进阶，动态库注入游戏辅助\21-皇家守卫军\armordll\armordll\release\armordll.tlog\link.read.1.tlog
f:\黑猫系列课程\cat课件\cat_coding\c++项目开发\c++和mfc进阶，动态库注入游戏辅助\21-皇家守卫军\armordll\armordll\release\armordll.tlog\link.write.1.tlog
f:\黑猫系列课程\cat课件\cat_coding\c++项目开发\c++和mfc进阶，动态库注入游戏辅助\21-皇家守卫军\armordll\armordll\release\armordll.tlog\link.write.2u.tlog
f:\黑猫系列课程\cat课件\cat_coding\c++项目开发\c++和mfc进阶，动态库注入游戏辅助\21-皇家守卫军\armordll\armordll\release\armordll.tlog\rc.command.1.tlog
f:\黑猫系列课程\cat课件\cat_coding\c++项目开发\c++和mfc进阶，动态库注入游戏辅助\21-皇家守卫军\armordll\armordll\release\armordll.tlog\rc.read.1.tlog
f:\黑猫系列课程\cat课件\cat_coding\c++项目开发\c++和mfc进阶，动态库注入游戏辅助\21-皇家守卫军\armordll\armordll\release\armordll.tlog\rc.write.1.tlog
