d:\cat课件\mygithub\cattools\cat动态库\release\cat.lib
d:\cat课件\mygithub\cattools\cat动态库\release\cat.exp
d:\cat课件\mygithub\cattools\cat动态库\cat\release\cat.pch
d:\cat课件\mygithub\cattools\cat动态库\cat\release\vc142.pdb
d:\cat课件\mygithub\cattools\cat动态库\cat\release\pch.obj
d:\cat课件\mygithub\cattools\cat动态库\cat\release\dllmain.obj
d:\cat课件\mygithub\cattools\cat动态库\cat\release\catwindows.obj
d:\cat课件\mygithub\cattools\cat动态库\cat\release\mycat.obj
d:\cat课件\mygithub\cattools\cat动态库\cat\release\cattime.obj
d:\cat课件\mygithub\cattools\cat动态库\cat\release\catprocesstread.obj
d:\cat课件\mygithub\cattools\cat动态库\cat\release\catmessage.obj
d:\cat课件\mygithub\cattools\cat动态库\cat\release\catmemorycpp.obj
d:\cat课件\mygithub\cattools\cat动态库\cat\release\catkeymouse.obj
d:\cat课件\mygithub\cattools\cat动态库\release\cat.dll
d:\cat课件\mygithub\cattools\cat动态库\cat\release\cat.ipdb
d:\cat课件\mygithub\cattools\cat动态库\cat\release\cat.iobj
d:\cat课件\mygithub\cattools\cat动态库\release\cat.pdb
d:\cat课件\mygithub\cattools\cat动态库\cat\release\cat.tlog\cat.write.1u.tlog
d:\cat课件\mygithub\cattools\cat动态库\cat\release\cat.tlog\cl.command.1.tlog
d:\cat课件\mygithub\cattools\cat动态库\cat\release\cat.tlog\cl.read.1.tlog
d:\cat课件\mygithub\cattools\cat动态库\cat\release\cat.tlog\cl.write.1.tlog
d:\cat课件\mygithub\cattools\cat动态库\cat\release\cat.tlog\link.command.1.tlog
d:\cat课件\mygithub\cattools\cat动态库\cat\release\cat.tlog\link.read.1.tlog
d:\cat课件\mygithub\cattools\cat动态库\cat\release\cat.tlog\link.write.1.tlog
