d:\cat课件\cat_coding\c++项目开发\c++和mfc进阶，动态库注入游戏辅助\19-mfc dll共享库、静态库、扩展库\mfcdll2\mfcdll2\x64\debug\mfcdll2.pch
d:\cat课件\cat_coding\c++项目开发\c++和mfc进阶，动态库注入游戏辅助\19-mfc dll共享库、静态库、扩展库\mfcdll2\mfcdll2\x64\debug\vc143.pdb
d:\cat课件\cat_coding\c++项目开发\c++和mfc进阶，动态库注入游戏辅助\19-mfc dll共享库、静态库、扩展库\mfcdll2\mfcdll2\x64\debug\vc143.idb
d:\cat课件\cat_coding\c++项目开发\c++和mfc进阶，动态库注入游戏辅助\19-mfc dll共享库、静态库、扩展库\mfcdll2\mfcdll2\x64\debug\pch.obj
d:\cat课件\cat_coding\c++项目开发\c++和mfc进阶，动态库注入游戏辅助\19-mfc dll共享库、静态库、扩展库\mfcdll2\mfcdll2\x64\debug\dllmain.obj
d:\cat课件\cat_coding\c++项目开发\c++和mfc进阶，动态库注入游戏辅助\19-mfc dll共享库、静态库、扩展库\mfcdll2\mfcdll2\x64\debug\mfcdll2.obj
d:\cat课件\cat_coding\c++项目开发\c++和mfc进阶，动态库注入游戏辅助\19-mfc dll共享库、静态库、扩展库\mfcdll2\mfcdll2\x64\debug\mfcdll2.res
d:\cat课件\cat_coding\c++项目开发\c++和mfc进阶，动态库注入游戏辅助\19-mfc dll共享库、静态库、扩展库\mfcdll2\mfcdll2\x64\debug\mfcdll2.ilk
d:\cat课件\cat_coding\c++项目开发\c++和mfc进阶，动态库注入游戏辅助\19-mfc dll共享库、静态库、扩展库\mfcdll2\x64\debug\mfcdll2.pdb
d:\cat课件\cat_coding\c++项目开发\c++和mfc进阶，动态库注入游戏辅助\19-mfc dll共享库、静态库、扩展库\mfcdll2\x64\debug\mfcdll2.dll
d:\cat课件\cat_coding\c++项目开发\c++和mfc进阶，动态库注入游戏辅助\19-mfc dll共享库、静态库、扩展库\mfcdll2\mfcdll2\x64\debug\mfcdll2.tlog\cl.command.1.tlog
d:\cat课件\cat_coding\c++项目开发\c++和mfc进阶，动态库注入游戏辅助\19-mfc dll共享库、静态库、扩展库\mfcdll2\mfcdll2\x64\debug\mfcdll2.tlog\cl.read.1.tlog
d:\cat课件\cat_coding\c++项目开发\c++和mfc进阶，动态库注入游戏辅助\19-mfc dll共享库、静态库、扩展库\mfcdll2\mfcdll2\x64\debug\mfcdll2.tlog\cl.write.1.tlog
d:\cat课件\cat_coding\c++项目开发\c++和mfc进阶，动态库注入游戏辅助\19-mfc dll共享库、静态库、扩展库\mfcdll2\mfcdll2\x64\debug\mfcdll2.tlog\link.command.1.tlog
d:\cat课件\cat_coding\c++项目开发\c++和mfc进阶，动态库注入游戏辅助\19-mfc dll共享库、静态库、扩展库\mfcdll2\mfcdll2\x64\debug\mfcdll2.tlog\link.read.1.tlog
d:\cat课件\cat_coding\c++项目开发\c++和mfc进阶，动态库注入游戏辅助\19-mfc dll共享库、静态库、扩展库\mfcdll2\mfcdll2\x64\debug\mfcdll2.tlog\link.read.2.tlog
d:\cat课件\cat_coding\c++项目开发\c++和mfc进阶，动态库注入游戏辅助\19-mfc dll共享库、静态库、扩展库\mfcdll2\mfcdll2\x64\debug\mfcdll2.tlog\link.write.1.tlog
d:\cat课件\cat_coding\c++项目开发\c++和mfc进阶，动态库注入游戏辅助\19-mfc dll共享库、静态库、扩展库\mfcdll2\mfcdll2\x64\debug\mfcdll2.tlog\rc.command.1.tlog
d:\cat课件\cat_coding\c++项目开发\c++和mfc进阶，动态库注入游戏辅助\19-mfc dll共享库、静态库、扩展库\mfcdll2\mfcdll2\x64\debug\mfcdll2.tlog\rc.read.1.tlog
d:\cat课件\cat_coding\c++项目开发\c++和mfc进阶，动态库注入游戏辅助\19-mfc dll共享库、静态库、扩展库\mfcdll2\mfcdll2\x64\debug\mfcdll2.tlog\rc.write.1.tlog
