e:\黑猫系列课程\c++系统编程 游戏辅助和逆向工程\第6章 植物大战僵尸\plantsvszombieswg\plantsvszombieswg\debug\plantsvszombieswg.pch
e:\黑猫系列课程\c++系统编程 游戏辅助和逆向工程\第6章 植物大战僵尸\plantsvszombieswg\plantsvszombieswg\debug\vc142.pdb
e:\黑猫系列课程\c++系统编程 游戏辅助和逆向工程\第6章 植物大战僵尸\plantsvszombieswg\plantsvszombieswg\debug\vc142.idb
e:\黑猫系列课程\c++系统编程 游戏辅助和逆向工程\第6章 植物大战僵尸\plantsvszombieswg\plantsvszombieswg\debug\pch.obj
e:\黑猫系列课程\c++系统编程 游戏辅助和逆向工程\第6章 植物大战僵尸\plantsvszombieswg\plantsvszombieswg\debug\plantsvszombieswgdlg.obj
e:\黑猫系列课程\c++系统编程 游戏辅助和逆向工程\第6章 植物大战僵尸\plantsvszombieswg\plantsvszombieswg\debug\plantsvszombieswg.obj
e:\黑猫系列课程\c++系统编程 游戏辅助和逆向工程\第6章 植物大战僵尸\plantsvszombieswg\debug\plantsvszombieswg.exe
e:\黑猫系列课程\c++系统编程 游戏辅助和逆向工程\第6章 植物大战僵尸\plantsvszombieswg\plantsvszombieswg\debug\plantsvszombieswg.ilk
e:\黑猫系列课程\c++系统编程 游戏辅助和逆向工程\第6章 植物大战僵尸\plantsvszombieswg\debug\plantsvszombieswg.pdb
e:\黑猫系列课程\c++系统编程 游戏辅助和逆向工程\第6章 植物大战僵尸\plantsvszombieswg\plantsvszombieswg\debug\plantsvszombieswg.res
e:\黑猫系列课程\windows api mfc编程 游戏辅助和逆向工程\第6章 植物大战僵尸\plantsvszombieswg\plantsvszombieswg\debug\pch.obj
e:\黑猫系列课程\windows api mfc编程 游戏辅助和逆向工程\第6章 植物大战僵尸\plantsvszombieswg\plantsvszombieswg\debug\plantsvszombieswg.obj
e:\黑猫系列课程\windows api mfc编程 游戏辅助和逆向工程\第6章 植物大战僵尸\plantsvszombieswg\plantsvszombieswg\debug\plantsvszombieswgdlg.obj
e:\黑猫系列课程\windows api mfc编程 游戏辅助和逆向工程\第6章 植物大战僵尸\plantsvszombieswg\plantsvszombieswg\debug\plantsvszombieswg.ilk
e:\黑猫系列课程\windows api mfc编程 游戏辅助和逆向工程\第6章 植物大战僵尸\plantsvszombieswg\plantsvszombieswg\debug\plantsvszombieswg.res
e:\黑猫系列课程\windows api mfc编程 游戏辅助和逆向工程\第6章 植物大战僵尸\plantsvszombieswg\plantsvszombieswg\debug\plantsvszombieswg.pch
e:\黑猫系列课程\windows api mfc编程 游戏辅助和逆向工程\第6章 植物大战僵尸\plantsvszombieswg\plantsvszombieswg\debug\vc142.idb
e:\黑猫系列课程\windows api mfc编程 游戏辅助和逆向工程\第6章 植物大战僵尸\plantsvszombieswg\plantsvszombieswg\debug\vc142.pdb
e:\黑猫系列课程\windows api mfc编程 游戏辅助和逆向工程\第6章 植物大战僵尸\plantsvszombieswg\debug\plantsvszombieswg.pdb
e:\黑猫系列课程\windows api mfc编程 游戏辅助和逆向工程\第6章 植物大战僵尸\plantsvszombieswg\debug\plantsvszombieswg.exe
e:\黑猫系列课程\windows api mfc编程 游戏辅助和逆向工程\第6章 植物大战僵尸\plantsvszombieswg\plantsvszombieswg\debug\plantsvs.c6512c22.tlog\cl.command.1.tlog
e:\黑猫系列课程\windows api mfc编程 游戏辅助和逆向工程\第6章 植物大战僵尸\plantsvszombieswg\plantsvszombieswg\debug\plantsvs.c6512c22.tlog\cl.read.1.tlog
e:\黑猫系列课程\windows api mfc编程 游戏辅助和逆向工程\第6章 植物大战僵尸\plantsvszombieswg\plantsvszombieswg\debug\plantsvs.c6512c22.tlog\cl.write.1.tlog
e:\黑猫系列课程\windows api mfc编程 游戏辅助和逆向工程\第6章 植物大战僵尸\plantsvszombieswg\plantsvszombieswg\debug\plantsvs.c6512c22.tlog\link.command.1.tlog
e:\黑猫系列课程\windows api mfc编程 游戏辅助和逆向工程\第6章 植物大战僵尸\plantsvszombieswg\plantsvszombieswg\debug\plantsvs.c6512c22.tlog\link.read.1.tlog
e:\黑猫系列课程\windows api mfc编程 游戏辅助和逆向工程\第6章 植物大战僵尸\plantsvszombieswg\plantsvszombieswg\debug\plantsvs.c6512c22.tlog\link.write.1.tlog
e:\黑猫系列课程\windows api mfc编程 游戏辅助和逆向工程\第6章 植物大战僵尸\plantsvszombieswg\plantsvszombieswg\debug\plantsvs.c6512c22.tlog\rc.command.1.tlog
e:\黑猫系列课程\windows api mfc编程 游戏辅助和逆向工程\第6章 植物大战僵尸\plantsvszombieswg\plantsvszombieswg\debug\plantsvs.c6512c22.tlog\rc.read.1.tlog
e:\黑猫系列课程\windows api mfc编程 游戏辅助和逆向工程\第6章 植物大战僵尸\plantsvszombieswg\plantsvszombieswg\debug\plantsvs.c6512c22.tlog\rc.write.1.tlog
