d:\cat课件\cat_coding\c++项目开发\c++和mfc进阶，动态库注入游戏辅助\17-dll导出类和def文件\dll\dll\x64\release\dll.pch
d:\cat课件\cat_coding\c++项目开发\c++和mfc进阶，动态库注入游戏辅助\17-dll导出类和def文件\dll\dll\x64\release\vc143.pdb
d:\cat课件\cat_coding\c++项目开发\c++和mfc进阶，动态库注入游戏辅助\17-dll导出类和def文件\dll\dll\x64\release\pch.obj
d:\cat课件\cat_coding\c++项目开发\c++和mfc进阶，动态库注入游戏辅助\17-dll导出类和def文件\dll\dll\x64\release\dllmain.obj
d:\cat课件\cat_coding\c++项目开发\c++和mfc进阶，动态库注入游戏辅助\17-dll导出类和def文件\dll\dll\x64\release\cat.obj
d:\cat课件\cat_coding\c++项目开发\c++和mfc进阶，动态库注入游戏辅助\17-dll导出类和def文件\dll\x64\release\dll.lib
d:\cat课件\cat_coding\c++项目开发\c++和mfc进阶，动态库注入游戏辅助\17-dll导出类和def文件\dll\x64\release\dll.exp
d:\cat课件\cat_coding\c++项目开发\c++和mfc进阶，动态库注入游戏辅助\17-dll导出类和def文件\dll\x64\release\dll.dll
d:\cat课件\cat_coding\c++项目开发\c++和mfc进阶，动态库注入游戏辅助\17-dll导出类和def文件\dll\dll\x64\release\dll.ipdb
d:\cat课件\cat_coding\c++项目开发\c++和mfc进阶，动态库注入游戏辅助\17-dll导出类和def文件\dll\x64\release\dll.pdb
d:\cat课件\cat_coding\c++项目开发\c++和mfc进阶，动态库注入游戏辅助\17-dll导出类和def文件\dll\dll\x64\release\dll.iobj
d:\cat课件\cat_coding\c++项目开发\c++和mfc进阶，动态库注入游戏辅助\17-dll导出类和def文件\dll\dll\x64\release\dll.res
d:\cat课件\cat_coding\c++项目开发\c++和mfc进阶，动态库注入游戏辅助\17-dll导出类和def文件\dll\dll\x64\release\dll.tlog\cl.command.1.tlog
d:\cat课件\cat_coding\c++项目开发\c++和mfc进阶，动态库注入游戏辅助\17-dll导出类和def文件\dll\dll\x64\release\dll.tlog\cl.read.1.tlog
d:\cat课件\cat_coding\c++项目开发\c++和mfc进阶，动态库注入游戏辅助\17-dll导出类和def文件\dll\dll\x64\release\dll.tlog\cl.write.1.tlog
d:\cat课件\cat_coding\c++项目开发\c++和mfc进阶，动态库注入游戏辅助\17-dll导出类和def文件\dll\dll\x64\release\dll.tlog\dll.write.1u.tlog
d:\cat课件\cat_coding\c++项目开发\c++和mfc进阶，动态库注入游戏辅助\17-dll导出类和def文件\dll\dll\x64\release\dll.tlog\link.command.1.tlog
d:\cat课件\cat_coding\c++项目开发\c++和mfc进阶，动态库注入游戏辅助\17-dll导出类和def文件\dll\dll\x64\release\dll.tlog\link.read.1.tlog
d:\cat课件\cat_coding\c++项目开发\c++和mfc进阶，动态库注入游戏辅助\17-dll导出类和def文件\dll\dll\x64\release\dll.tlog\link.write.1.tlog
d:\cat课件\cat_coding\c++项目开发\c++和mfc进阶，动态库注入游戏辅助\17-dll导出类和def文件\dll\dll\x64\release\dll.tlog\rc.command.1.tlog
d:\cat课件\cat_coding\c++项目开发\c++和mfc进阶，动态库注入游戏辅助\17-dll导出类和def文件\dll\dll\x64\release\dll.tlog\rc.read.1.tlog
d:\cat课件\cat_coding\c++项目开发\c++和mfc进阶，动态库注入游戏辅助\17-dll导出类和def文件\dll\dll\x64\release\dll.tlog\rc.write.1.tlog
