f:\黑猫系列课程\cat课件\cat_coding\c++项目开发\c++和mfc进阶，动态库注入游戏辅助\20-dll注入器\injectdll\injectdll\debug\injectdll.pch
f:\黑猫系列课程\cat课件\cat_coding\c++项目开发\c++和mfc进阶，动态库注入游戏辅助\20-dll注入器\injectdll\injectdll\debug\vc143.pdb
f:\黑猫系列课程\cat课件\cat_coding\c++项目开发\c++和mfc进阶，动态库注入游戏辅助\20-dll注入器\injectdll\injectdll\debug\vc143.idb
f:\黑猫系列课程\cat课件\cat_coding\c++项目开发\c++和mfc进阶，动态库注入游戏辅助\20-dll注入器\injectdll\injectdll\debug\pch.obj
f:\黑猫系列课程\cat课件\cat_coding\c++项目开发\c++和mfc进阶，动态库注入游戏辅助\20-dll注入器\injectdll\injectdll\debug\injectdlldlg.obj
f:\黑猫系列课程\cat课件\cat_coding\c++项目开发\c++和mfc进阶，动态库注入游戏辅助\20-dll注入器\injectdll\injectdll\debug\injectdll.obj
f:\黑猫系列课程\cat课件\cat_coding\c++项目开发\c++和mfc进阶，动态库注入游戏辅助\20-dll注入器\injectdll\injectdll\debug\cprocesslistdlg.obj
f:\黑猫系列课程\cat课件\cat_coding\c++项目开发\c++和mfc进阶，动态库注入游戏辅助\20-dll注入器\injectdll\injectdll\debug\cexportfuncdlg.obj
f:\黑猫系列课程\cat课件\cat_coding\c++项目开发\c++和mfc进阶，动态库注入游戏辅助\20-dll注入器\injectdll\injectdll\debug\injectdll.ilk
f:\黑猫系列课程\cat课件\cat_coding\c++项目开发\c++和mfc进阶，动态库注入游戏辅助\20-dll注入器\injectdll\debug\injectdll.exe
f:\黑猫系列课程\cat课件\cat_coding\c++项目开发\c++和mfc进阶，动态库注入游戏辅助\20-dll注入器\injectdll\debug\injectdll.pdb
f:\黑猫系列课程\cat课件\cat_coding\c++项目开发\c++和mfc进阶，动态库注入游戏辅助\20-dll注入器\injectdll\injectdll\debug\injectdll.res
f:\黑猫系列课程\cat课件\cat_coding\c++项目开发\c++和mfc进阶，动态库注入游戏辅助\20-dll注入器\injectdll\injectdll\debug\injectdll.tlog\cl.command.1.tlog
f:\黑猫系列课程\cat课件\cat_coding\c++项目开发\c++和mfc进阶，动态库注入游戏辅助\20-dll注入器\injectdll\injectdll\debug\injectdll.tlog\cl.read.1.tlog
f:\黑猫系列课程\cat课件\cat_coding\c++项目开发\c++和mfc进阶，动态库注入游戏辅助\20-dll注入器\injectdll\injectdll\debug\injectdll.tlog\cl.write.1.tlog
f:\黑猫系列课程\cat课件\cat_coding\c++项目开发\c++和mfc进阶，动态库注入游戏辅助\20-dll注入器\injectdll\injectdll\debug\injectdll.tlog\link.command.1.tlog
f:\黑猫系列课程\cat课件\cat_coding\c++项目开发\c++和mfc进阶，动态库注入游戏辅助\20-dll注入器\injectdll\injectdll\debug\injectdll.tlog\link.read.1.tlog
f:\黑猫系列课程\cat课件\cat_coding\c++项目开发\c++和mfc进阶，动态库注入游戏辅助\20-dll注入器\injectdll\injectdll\debug\injectdll.tlog\link.write.1.tlog
f:\黑猫系列课程\cat课件\cat_coding\c++项目开发\c++和mfc进阶，动态库注入游戏辅助\20-dll注入器\injectdll\injectdll\debug\injectdll.tlog\rc.command.1.tlog
f:\黑猫系列课程\cat课件\cat_coding\c++项目开发\c++和mfc进阶，动态库注入游戏辅助\20-dll注入器\injectdll\injectdll\debug\injectdll.tlog\rc.read.1.tlog
f:\黑猫系列课程\cat课件\cat_coding\c++项目开发\c++和mfc进阶，动态库注入游戏辅助\20-dll注入器\injectdll\injectdll\debug\injectdll.tlog\rc.write.1.tlog
